
TIME_TO_SIMULATE=10
Error parsing /Users/brianjordan/Documents/Duke-Classes/Junior-Spring/CompSci-310/Projects/Project1/compsci310-spring19-group58/p3/bin/../serverlogs/1.config.4: 
Error parsing /Users/brianjordan/Documents/Duke-Classes/Junior-Spring/CompSci-310/Projects/Project1/compsci310-spring19-group58/p3/bin/../serverlogs/2.config.4: 
S3.3: Log { (1 1)  (1 2)  (2 3)  (2 4) }
S2.1: Log { (1 1)  (1 2)  (1 3) }
S1.1: Log { (1 1)  (1 2) }
S3.3: switched to follower mode.
S1.1: switched to follower mode.
S2.1: switched to follower mode.
S1.2: switched to candidate mode.
S3.4: switched to candidate mode.
S1.2: switched to follower mode.
S2.5: switched to candidate mode.
S3.4: switched to leader mode.
L: S3.4: switched to leader mode.
L: S3.4: reverted to follower mode
S3.5: switched to follower mode.
S2.5: switched to follower mode.
S1.6: switched to candidate mode.
S3.7: switched to candidate mode.
S1.6: switched to follower mode.
S2.8: switched to candidate mode.
S3.7: switched to follower mode.
S2.8: switched to leader mode.
L: S2.8: switched to leader mode.
L: S2.8timeout, current entries: [1 1, 1 2, 1 3] resp: [-1, 8, -1, -1]
L: S2.8timeout, current entries: [1 1, 1 2, 1 3] resp: [-1, 8, -1, -1]
L: S2.8timeout, index of last entry-1
L: S2.8timeout, index of last entry-1
L: S2.8timeout, current entries: [1 1, 1 2, 1 3] resp: [-1, 0, -1, -1]
L: S2.8timeout, current entries: [1 1, 1 2, 1 3] resp: [-1, 0, -1, -1]
L: S2.8timeout, index of last entry-1
L: S2.8timeout, index of last entry-1
L: S2.8timeout, current entries: [1 1, 1 2, 1 3] resp: [-1, 0, -1, -1]
L: S2.8timeout, current entries: [1 1, 1 2, 1 3] resp: [-1, 0, -1, -1]
L: S2.8timeout, index of last entry-1
L: S2.8timeout, index of last entry-1
L: S2.8timeout, current entries: [1 1, 1 2, 1 3] resp: [-1, 0, -1, -1]
L: S2.8timeout, current entries: [1 1, 1 2, 1 3] resp: [-1, 0, -1, -1]
L: S2.8timeout, index of last entry-1
L: S2.8timeout, index of last entry-1
L: S2.8timeout, current entries: [1 1, 1 2, 1 3] resp: [-1, 0, -1, -1]
L: S2.8timeout, current entries: [1 1, 1 2, 1 3] resp: [-1, 0, -1, -1]
L: S2.8timeout, index of last entry-1
L: S2.8timeout, index of last entry-1
L: S2.8timeout, current entries: [1 1, 1 2, 1 3] resp: [-1, 0, -1, -1]
L: S2.8timeout, current entries: [1 1, 1 2, 1 3] resp: [-1, 0, -1, -1]
L: S2.8timeout, index of last entry-1
L: S2.8timeout, index of last entry-1
L: S2.8timeout, current entries: [1 1, 1 2, 1 3] resp: [-1, 0, -1, -1]
L: S2.8timeout, current entries: [1 1, 1 2, 1 3] resp: [-1, 0, -1, -1]
L: S2.8timeout, index of last entry-1
L: S2.8timeout, index of last entry-1
L: S2.8timeout, current entries: [1 1, 1 2, 1 3] resp: [-1, 0, -1, -1]
L: S2.8timeout, current entries: [1 1, 1 2, 1 3] resp: [-1, 0, -1, -1]
L: S2.8timeout, index of last entry-1
L: S2.8timeout, index of last entry-1
L: S2.8timeout, current entries: [1 1, 1 2, 1 3] resp: [-1, 0, -1, -1]
L: S2.8timeout, current entries: [1 1, 1 2, 1 3] resp: [-1, 0, -1, -1]
L: S2.8timeout, index of last entry-1
L: S2.8timeout, index of last entry-1
L: S2.8timeout, current entries: [1 1, 1 2, 1 3] resp: [-1, 0, -1, -1]
L: S2.8timeout, current entries: [1 1, 1 2, 1 3] resp: [-1, 0, -1, -1]
L: S2.8timeout, index of last entry-1
L: S2.8timeout, index of last entry-1
L: S2.8timeout, current entries: [1 1, 1 2, 1 3] resp: [-1, 0, -1, -1]
L: S2.8timeout, current entries: [1 1, 1 2, 1 3] resp: [-1, 0, -1, -1]
L: S2.8timeout, index of last entry-1
L: S2.8timeout, index of last entry-1
L: S2.8timeout, current entries: [1 1, 1 2, 1 3] resp: [-1, 0, -1, -1]
L: S2.8timeout, current entries: [1 1, 1 2, 1 3] resp: [-1, 0, -1, -1]
L: S2.8timeout, index of last entry-1
L: S2.8timeout, index of last entry-1
S3.9: switched to candidate mode.
L: S2.8: reverted to follower mode
S2.9: switched to follower mode.
S3.9: switched to leader mode.
L: S3.9: switched to leader mode.
L: S3.9timeout, current entries: [1 1, 1 2, 2 3, 2 4] resp: [-1, 9, 9, -1]
L: S3.9timeout, current entries: [1 1, 1 2, 2 3, 2 4] resp: [-1, 9, 9, -1]
L: S3.9timeout, index of last entry-1
L: S3.9timeout, index of last entry-1
L: S3.9timeout, current entries: [1 1, 1 2, 2 3, 2 4] resp: [-1, 0, 0, -1]
L: S3.9timeout, current entries: [1 1, 1 2, 2 3, 2 4] resp: [-1, 0, 0, -1]
L: S3.9timeout, index of last entry-1
L: S3.9timeout, index of last entry-1
L: S3.9timeout, current entries: [1 1, 1 2, 2 3, 2 4] resp: [-1, 0, 0, -1]
L: S3.9timeout, current entries: [1 1, 1 2, 2 3, 2 4] resp: [-1, 0, 0, -1]
L: S3.9timeout, index of last entry-1
L: S3.9timeout, index of last entry-1
L: S3.9timeout, current entries: [1 1, 1 2, 2 3, 2 4] resp: [-1, 0, 0, -1]
L: S3.9timeout, current entries: [1 1, 1 2, 2 3, 2 4] resp: [-1, 0, 0, -1]
L: S3.9timeout, index of last entry-1
L: S3.9timeout, index of last entry-1
L: S3.9timeout, current entries: [1 1, 1 2, 2 3, 2 4] resp: [-1, 0, 0, -1]
L: S3.9timeout, current entries: [1 1, 1 2, 2 3, 2 4] resp: [-1, 0, 0, -1]
L: S3.9timeout, index of last entry-1
L: S3.9timeout, index of last entry-1
L: S3.9timeout, current entries: [1 1, 1 2, 2 3, 2 4] resp: [-1, 0, 0, -1]
L: S3.9timeout, current entries: [1 1, 1 2, 2 3, 2 4] resp: [-1, 0, 0, -1]
L: S3.9timeout, index of last entry-1
L: S3.9timeout, index of last entry-1
L: S3.9timeout, current entries: [1 1, 1 2, 2 3, 2 4] resp: [-1, 0, 0, -1]
L: S3.9timeout, current entries: [1 1, 1 2, 2 3, 2 4] resp: [-1, 0, 0, -1]
L: S3.9timeout, index of last entry-1
L: S3.9timeout, index of last entry-1
L: S3.9timeout, current entries: [1 1, 1 2, 2 3, 2 4] resp: [-1, 0, 0, -1]
L: S3.9timeout, current entries: [1 1, 1 2, 2 3, 2 4] resp: [-1, 0, 0, -1]
L: S3.9timeout, index of last entry-1
L: S3.9timeout, index of last entry-1
L: S3.9timeout, current entries: [1 1, 1 2, 2 3, 2 4] resp: [-1, 0, 0, -1]
L: S3.9timeout, current entries: [1 1, 1 2, 2 3, 2 4] resp: [-1, 0, 0, -1]
L: S3.9timeout, index of last entry-1
L: S3.9timeout, index of last entry-1
L: S3.9timeout, current entries: [1 1, 1 2, 2 3, 2 4] resp: [-1, 0, 0, -1]
L: S3.9timeout, current entries: [1 1, 1 2, 2 3, 2 4] resp: [-1, 0, 0, -1]
L: S3.9timeout, index of last entry-1
L: S3.9timeout, index of last entry-1
L: S3.9timeout, current entries: [1 1, 1 2, 2 3, 2 4] resp: [-1, 0, 0, -1]
L: S3.9timeout, current entries: [1 1, 1 2, 2 3, 2 4] resp: [-1, 0, 0, -1]
L: S3.9timeout, index of last entry-1
L: S3.9timeout, index of last entry-1
L: S3.9timeout, current entries: [1 1, 1 2, 2 3, 2 4] resp: [-1, 0, 0, -1]
L: S3.9timeout, current entries: [1 1, 1 2, 2 3, 2 4] resp: [-1, 0, 0, -1]
L: S3.9timeout, index of last entry-1
L: S3.9timeout, index of last entry-1
L: S3.9timeout, current entries: [1 1, 1 2, 2 3, 2 4] resp: [-1, 0, -1, -1]
L: S3.9timeout, current entries: [1 1, 1 2, 2 3, 2 4] resp: [-1, 0, -1, -1]
L: S3.9timeout, index of last entry-1
L: S3.9timeout, index of last entry-1
L: S3.9timeout, current entries: [1 1, 1 2, 2 3, 2 4] resp: [-1, 0, -1, -1]
L: S3.9timeout, current entries: [1 1, 1 2, 2 3, 2 4] resp: [-1, 0, -1, -1]
L: S3.9timeout, index of last entry-1
L: S3.9timeout, index of last entry-1
L: S3.9timeout, current entries: [1 1, 1 2, 2 3, 2 4] resp: [-1, 0, -1, -1]
L: S3.9timeout, current entries: [1 1, 1 2, 2 3, 2 4] resp: [-1, 0, -1, -1]
L: S3.9timeout, index of last entry-1
L: S3.9timeout, index of last entry-1
L: S3.9timeout, current entries: [1 1, 1 2, 2 3, 2 4] resp: [-1, 0, -1, -1]
L: S3.9timeout, current entries: [1 1, 1 2, 2 3, 2 4] resp: [-1, 0, -1, -1]
L: S3.9timeout, index of last entry-1
L: S3.9timeout, index of last entry-1
L: S3.9timeout, current entries: [1 1, 1 2, 2 3, 2 4] resp: [-1, 0, -1, -1]
L: S3.9timeout, current entries: [1 1, 1 2, 2 3, 2 4] resp: [-1, 0, -1, -1]
L: S3.9timeout, index of last entry-1
L: S3.9timeout, index of last entry-1
L: S3.9timeout, current entries: [1 1, 1 2, 2 3, 2 4] resp: [-1, 0, -1, -1]
L: S3.9timeout, current entries: [1 1, 1 2, 2 3, 2 4] resp: [-1, 0, -1, -1]
L: S3.9timeout, index of last entry-1
L: S3.9timeout, index of last entry-1
L: S3.9timeout, current entries: [1 1, 1 2, 2 3, 2 4] resp: [-1, 0, -1, -1]
L: S3.9timeout, current entries: [1 1, 1 2, 2 3, 2 4] resp: [-1, 0, -1, -1]
L: S3.9timeout, index of last entry-1
L: S3.9timeout, index of last entry-1
L: S3.9timeout, current entries: [1 1, 1 2, 2 3, 2 4] resp: [-1, 0, -1, -1]
L: S3.9timeout, current entries: [1 1, 1 2, 2 3, 2 4] resp: [-1, 0, -1, -1]
L: S3.9timeout, index of last entry-1
L: S3.9timeout, index of last entry-1
L: S3.9timeout, current entries: [1 1, 1 2, 2 3, 2 4] resp: [-1, 0, -1, -1]
L: S3.9timeout, current entries: [1 1, 1 2, 2 3, 2 4] resp: [-1, 0, -1, -1]
L: S3.9timeout, index of last entry-1
L: S3.9timeout, index of last entry-1
L: S3.9timeout, current entries: [1 1, 1 2, 2 3, 2 4] resp: [-1, 0, -1, -1]
L: S3.9timeout, current entries: [1 1, 1 2, 2 3, 2 4] resp: [-1, 0, -1, -1]
L: S3.9timeout, index of last entry-1
L: S3.9timeout, index of last entry-1
L: S3.9timeout, current entries: [1 1, 1 2, 2 3, 2 4] resp: [-1, 0, -1, -1]
L: S3.9timeout, current entries: [1 1, 1 2, 2 3, 2 4] resp: [-1, 0, -1, -1]
L: S3.9timeout, index of last entry-1
L: S3.9timeout, index of last entry-1
L: S3.9timeout, current entries: [1 1, 1 2, 2 3, 2 4] resp: [-1, 0, -1, -1]
L: S3.9timeout, current entries: [1 1, 1 2, 2 3, 2 4] resp: [-1, 0, -1, -1]
L: S3.9timeout, index of last entry-1
L: S3.9timeout, index of last entry-1
L: S3.9timeout, current entries: [1 1, 1 2, 2 3, 2 4] resp: [-1, 0, -1, -1]
L: S3.9timeout, current entries: [1 1, 1 2, 2 3, 2 4] resp: [-1, 0, -1, -1]
L: S3.9timeout, index of last entry-1
L: S3.9timeout, index of last entry-1
L: S3.9timeout, current entries: [1 1, 1 2, 2 3, 2 4] resp: [-1, 0, -1, -1]
L: S3.9timeout, current entries: [1 1, 1 2, 2 3, 2 4] resp: [-1, 0, -1, -1]
L: S3.9timeout, index of last entry-1
L: S3.9timeout, index of last entry-1
Error parsing /Users/brianjordan/Documents/Duke-Classes/Junior-Spring/CompSci-310/Projects/Project1/compsci310-spring19-group58/p3/bin/../serverlogs/2.config.4: 
L: S3.9timeout, current entries: [1 1, 1 2, 2 3, 2 4] resp: [-1, 0, -1, -1]
L: S3.9timeout, current entries: [1 1, 1 2, 2 3, 2 4] resp: [-1, 0, -1, -1]
L: S3.9timeout, index of last entry-1
L: S3.9timeout, index of last entry-1
S2.9: Log { (1 1)  (1 2)  (2 3)  (2 4) }
L: S3.9timeout, current entries: [1 1, 1 2, 2 3, 2 4] resp: [-1, 0, -1, -1]
L: S3.9timeout, current entries: [1 1, 1 2, 2 3, 2 4] resp: [-1, 0, -1, -1]
L: S3.9timeout, index of last entry-1
L: S3.9timeout, index of last entry-1
S2.9: switched to follower mode.
L: S3.9timeout, current entries: [1 1, 1 2, 2 3, 2 4] resp: [-1, 0, -1, -1]
L: S3.9timeout, current entries: [1 1, 1 2, 2 3, 2 4] resp: [-1, 0, -1, -1]
L: S3.9timeout, index of last entry-1
L: S3.9timeout, index of last entry-1
L: S3.9timeout, current entries: [1 1, 1 2, 2 3, 2 4] resp: [-1, 0, 0, -1]
L: S3.9timeout, current entries: [1 1, 1 2, 2 3, 2 4] resp: [-1, 0, 0, -1]
L: S3.9timeout, index of last entry-1
L: S3.9timeout, index of last entry-1
L: S3.9timeout, current entries: [1 1, 1 2, 2 3, 2 4] resp: [-1, 0, 0, -1]
L: S3.9timeout, current entries: [1 1, 1 2, 2 3, 2 4] resp: [-1, 0, 0, -1]
L: S3.9timeout, index of last entry-1
L: S3.9timeout, index of last entry-1
L: S3.9timeout, current entries: [1 1, 1 2, 2 3, 2 4] resp: [-1, 0, 0, -1]
L: S3.9timeout, current entries: [1 1, 1 2, 2 3, 2 4] resp: [-1, 0, 0, -1]
L: S3.9timeout, index of last entry-1
L: S3.9timeout, index of last entry-1
L: S3.9timeout, current entries: [1 1, 1 2, 2 3, 2 4] resp: [-1, 0, 0, -1]
L: S3.9timeout, current entries: [1 1, 1 2, 2 3, 2 4] resp: [-1, 0, 0, -1]
L: S3.9timeout, index of last entry-1
L: S3.9timeout, index of last entry-1
L: S3.9timeout, current entries: [1 1, 1 2, 2 3, 2 4] resp: [-1, 0, 0, -1]
L: S3.9timeout, current entries: [1 1, 1 2, 2 3, 2 4] resp: [-1, 0, 0, -1]
L: S3.9timeout, index of last entry-1
L: S3.9timeout, index of last entry-1
L: S3.9timeout, current entries: [1 1, 1 2, 2 3, 2 4] resp: [-1, 0, 0, -1]
L: S3.9timeout, current entries: [1 1, 1 2, 2 3, 2 4] resp: [-1, 0, 0, -1]
L: S3.9timeout, index of last entry-1
L: S3.9timeout, index of last entry-1
L: S3.9timeout, current entries: [1 1, 1 2, 2 3, 2 4] resp: [-1, 0, 0, -1]
L: S3.9timeout, current entries: [1 1, 1 2, 2 3, 2 4] resp: [-1, 0, 0, -1]
L: S3.9timeout, index of last entry-1
L: S3.9timeout, index of last entry-1
L: S3.9timeout, current entries: [1 1, 1 2, 2 3, 2 4] resp: [-1, 0, 0, -1]
L: S3.9timeout, current entries: [1 1, 1 2, 2 3, 2 4] resp: [-1, 0, 0, -1]
L: S3.9timeout, index of last entry-1
L: S3.9timeout, index of last entry-1
L: S3.9timeout, current entries: [1 1, 1 2, 2 3, 2 4] resp: [-1, 0, 0, -1]
L: S3.9timeout, current entries: [1 1, 1 2, 2 3, 2 4] resp: [-1, 0, 0, -1]
L: S3.9timeout, index of last entry-1
L: S3.9timeout, index of last entry-1
L: S3.9timeout, current entries: [1 1, 1 2, 2 3, 2 4] resp: [-1, 0, 0, -1]
L: S3.9timeout, current entries: [1 1, 1 2, 2 3, 2 4] resp: [-1, 0, 0, -1]
L: S3.9timeout, index of last entry-1
L: S3.9timeout, index of last entry-1
L: S3.9timeout, current entries: [1 1, 1 2, 2 3, 2 4] resp: [-1, 0, 0, -1]
L: S3.9timeout, current entries: [1 1, 1 2, 2 3, 2 4] resp: [-1, 0, 0, -1]
L: S3.9timeout, index of last entry-1
L: S3.9timeout, index of last entry-1
L: S3.9timeout, current entries: [1 1, 1 2, 2 3, 2 4] resp: [-1, 0, 0, -1]
L: S3.9timeout, current entries: [1 1, 1 2, 2 3, 2 4] resp: [-1, 0, 0, -1]
L: S3.9timeout, index of last entry-1
L: S3.9timeout, index of last entry-1
L: S3.9timeout, current entries: [1 1, 1 2, 2 3, 2 4] resp: [-1, 0, 0, -1]
L: S3.9timeout, current entries: [1 1, 1 2, 2 3, 2 4] resp: [-1, 0, 0, -1]
L: S3.9timeout, index of last entry-1
L: S3.9timeout, index of last entry-1
L: S3.9timeout, current entries: [1 1, 1 2, 2 3, 2 4] resp: [-1, 0, 0, -1]
L: S3.9timeout, current entries: [1 1, 1 2, 2 3, 2 4] resp: [-1, 0, 0, -1]
L: S3.9timeout, index of last entry-1
L: S3.9timeout, index of last entry-1
L: S3.9timeout, current entries: [1 1, 1 2, 2 3, 2 4] resp: [-1, 0, 0, -1]
L: S3.9timeout, current entries: [1 1, 1 2, 2 3, 2 4] resp: [-1, 0, 0, -1]
L: S3.9timeout, index of last entry-1
L: S3.9timeout, index of last entry-1
L: S3.9timeout, current entries: [1 1, 1 2, 2 3, 2 4] resp: [-1, 0, 0, -1]
L: S3.9timeout, current entries: [1 1, 1 2, 2 3, 2 4] resp: [-1, 0, 0, -1]
L: S3.9timeout, index of last entry-1
L: S3.9timeout, index of last entry-1
L: S3.9timeout, current entries: [1 1, 1 2, 2 3, 2 4] resp: [-1, 0, 0, -1]
L: S3.9timeout, current entries: [1 1, 1 2, 2 3, 2 4] resp: [-1, 0, 0, -1]
L: S3.9timeout, index of last entry-1
L: S3.9timeout, index of last entry-1
L: S3.9timeout, current entries: [1 1, 1 2, 2 3, 2 4] resp: [-1, 0, 0, -1]
L: S3.9timeout, current entries: [1 1, 1 2, 2 3, 2 4] resp: [-1, 0, 0, -1]
L: S3.9timeout, index of last entry-1
L: S3.9timeout, index of last entry-1
L: S3.9timeout, current entries: [1 1, 1 2, 2 3, 2 4] resp: [-1, 0, 0, -1]
L: S3.9timeout, current entries: [1 1, 1 2, 2 3, 2 4] resp: [-1, 0, 0, -1]
L: S3.9timeout, index of last entry-1
L: S3.9timeout, index of last entry-1
L: S3.9timeout, current entries: [1 1, 1 2, 2 3, 2 4] resp: [-1, 0, 0, -1]
L: S3.9timeout, current entries: [1 1, 1 2, 2 3, 2 4] resp: [-1, 0, 0, -1]
L: S3.9timeout, index of last entry-1
L: S3.9timeout, index of last entry-1
L: S3.9timeout, current entries: [1 1, 1 2, 2 3, 2 4] resp: [-1, 0, 0, -1]
L: S3.9timeout, current entries: [1 1, 1 2, 2 3, 2 4] resp: [-1, 0, 0, -1]
L: S3.9timeout, index of last entry-1
L: S3.9timeout, index of last entry-1
L: S3.9timeout, current entries: [1 1, 1 2, 2 3, 2 4] resp: [-1, 0, 0, -1]
L: S3.9timeout, current entries: [1 1, 1 2, 2 3, 2 4] resp: [-1, 0, 0, -1]
L: S3.9timeout, index of last entry-1
L: S3.9timeout, index of last entry-1
L: S3.9timeout, current entries: [1 1, 1 2, 2 3, 2 4] resp: [-1, 0, 0, -1]
L: S3.9timeout, current entries: [1 1, 1 2, 2 3, 2 4] resp: [-1, 0, 0, -1]
L: S3.9timeout, index of last entry-1
L: S3.9timeout, index of last entry-1
L: S3.9timeout, current entries: [1 1, 1 2, 2 3, 2 4] resp: [-1, 0, 0, -1]
L: S3.9timeout, current entries: [1 1, 1 2, 2 3, 2 4] resp: [-1, 0, 0, -1]
L: S3.9timeout, index of last entry-1
L: S3.9timeout, index of last entry-1
L: S3.9timeout, current entries: [1 1, 1 2, 2 3, 2 4] resp: [-1, 0, 0, -1]
L: S3.9timeout, current entries: [1 1, 1 2, 2 3, 2 4] resp: [-1, 0, 0, -1]
L: S3.9timeout, index of last entry-1
L: S3.9timeout, index of last entry-1
L: S3.9timeout, current entries: [1 1, 1 2, 2 3, 2 4] resp: [-1, 0, 0, -1]
L: S3.9timeout, current entries: [1 1, 1 2, 2 3, 2 4] resp: [-1, 0, 0, -1]
L: S3.9timeout, index of last entry-1
L: S3.9timeout, index of last entry-1
L: S3.9timeout, current entries: [1 1, 1 2, 2 3, 2 4] resp: [-1, 0, 0, -1]
L: S3.9timeout, current entries: [1 1, 1 2, 2 3, 2 4] resp: [-1, 0, 0, -1]
L: S3.9timeout, index of last entry-1
L: S3.9timeout, index of last entry-1
L: S3.9timeout, current entries: [1 1, 1 2, 2 3, 2 4] resp: [-1, 0, 0, -1]
L: S3.9timeout, current entries: [1 1, 1 2, 2 3, 2 4] resp: [-1, 0, 0, -1]
L: S3.9timeout, index of last entry-1
L: S3.9timeout, index of last entry-1
L: S3.9timeout, current entries: [1 1, 1 2, 2 3, 2 4] resp: [-1, 0, 0, -1]
L: S3.9timeout, current entries: [1 1, 1 2, 2 3, 2 4] resp: [-1, 0, 0, -1]
L: S3.9timeout, index of last entry-1
L: S3.9timeout, index of last entry-1
L: S3.9timeout, current entries: [1 1, 1 2, 2 3, 2 4] resp: [-1, 0, 0, -1]
L: S3.9timeout, current entries: [1 1, 1 2, 2 3, 2 4] resp: [-1, 0, 0, -1]
L: S3.9timeout, index of last entry-1
L: S3.9timeout, index of last entry-1
L: S3.9timeout, current entries: [1 1, 1 2, 2 3, 2 4] resp: [-1, 0, 0, -1]
L: S3.9timeout, current entries: [1 1, 1 2, 2 3, 2 4] resp: [-1, 0, 0, -1]
L: S3.9timeout, index of last entry-1
L: S3.9timeout, index of last entry-1
L: S3.9timeout, current entries: [1 1, 1 2, 2 3, 2 4] resp: [-1, 0, 0, -1]
L: S3.9timeout, current entries: [1 1, 1 2, 2 3, 2 4] resp: [-1, 0, 0, -1]
L: S3.9timeout, index of last entry-1
L: S3.9timeout, index of last entry-1
L: S3.9timeout, current entries: [1 1, 1 2, 2 3, 2 4] resp: [-1, 0, 0, -1]
L: S3.9timeout, current entries: [1 1, 1 2, 2 3, 2 4] resp: [-1, 0, 0, -1]
L: S3.9timeout, index of last entry-1
L: S3.9timeout, index of last entry-1
L: S3.9timeout, current entries: [1 1, 1 2, 2 3, 2 4] resp: [-1, 0, 0, -1]
L: S3.9timeout, current entries: [1 1, 1 2, 2 3, 2 4] resp: [-1, 0, 0, -1]
L: S3.9timeout, index of last entry-1
L: S3.9timeout, index of last entry-1
L: S3.9timeout, current entries: [1 1, 1 2, 2 3, 2 4] resp: [-1, 0, 0, -1]
L: S3.9timeout, current entries: [1 1, 1 2, 2 3, 2 4] resp: [-1, 0, 0, -1]
L: S3.9timeout, index of last entry-1
L: S3.9timeout, index of last entry-1
L: S3.9timeout, current entries: [1 1, 1 2, 2 3, 2 4] resp: [-1, 0, 0, -1]
L: S3.9timeout, current entries: [1 1, 1 2, 2 3, 2 4] resp: [-1, 0, 0, -1]
L: S3.9timeout, index of last entry-1
L: S3.9timeout, index of last entry-1
L: S3.9timeout, current entries: [1 1, 1 2, 2 3, 2 4] resp: [-1, 0, 0, -1]
L: S3.9timeout, current entries: [1 1, 1 2, 2 3, 2 4] resp: [-1, 0, 0, -1]
L: S3.9timeout, index of last entry-1
L: S3.9timeout, index of last entry-1
L: S3.9timeout, current entries: [1 1, 1 2, 2 3, 2 4] resp: [-1, 0, 0, -1]
L: S3.9timeout, current entries: [1 1, 1 2, 2 3, 2 4] resp: [-1, 0, 0, -1]
L: S3.9timeout, index of last entry-1
L: S3.9timeout, index of last entry-1
L: S3.9timeout, current entries: [1 1, 1 2, 2 3, 2 4] resp: [-1, 0, 0, -1]
L: S3.9timeout, current entries: [1 1, 1 2, 2 3, 2 4] resp: [-1, 0, 0, -1]
L: S3.9timeout, index of last entry-1
L: S3.9timeout, index of last entry-1
L: S3.9timeout, current entries: [1 1, 1 2, 2 3, 2 4] resp: [-1, 0, 0, -1]
L: S3.9timeout, current entries: [1 1, 1 2, 2 3, 2 4] resp: [-1, 0, 0, -1]
L: S3.9timeout, index of last entry-1
L: S3.9timeout, index of last entry-1
L: S3.9timeout, current entries: [1 1, 1 2, 2 3, 2 4] resp: [-1, 0, 0, -1]
L: S3.9timeout, current entries: [1 1, 1 2, 2 3, 2 4] resp: [-1, 0, 0, -1]
L: S3.9timeout, index of last entry-1
L: S3.9timeout, index of last entry-1
L: S3.9timeout, current entries: [1 1, 1 2, 2 3, 2 4] resp: [-1, 0, 0, -1]
L: S3.9timeout, current entries: [1 1, 1 2, 2 3, 2 4] resp: [-1, 0, 0, -1]
L: S3.9timeout, index of last entry-1
L: S3.9timeout, index of last entry-1
L: S3.9timeout, current entries: [1 1, 1 2, 2 3, 2 4] resp: [-1, 0, 0, -1]
L: S3.9timeout, current entries: [1 1, 1 2, 2 3, 2 4] resp: [-1, 0, 0, -1]
L: S3.9timeout, index of last entry-1
L: S3.9timeout, index of last entry-1
L: S3.9timeout, current entries: [1 1, 1 2, 2 3, 2 4] resp: [-1, 0, 0, -1]
L: S3.9timeout, current entries: [1 1, 1 2, 2 3, 2 4] resp: [-1, 0, 0, -1]
L: S3.9timeout, index of last entry-1
L: S3.9timeout, index of last entry-1
L: S3.9timeout, current entries: [1 1, 1 2, 2 3, 2 4] resp: [-1, 0, 0, -1]
L: S3.9timeout, current entries: [1 1, 1 2, 2 3, 2 4] resp: [-1, 0, 0, -1]
L: S3.9timeout, index of last entry-1
L: S3.9timeout, index of last entry-1
L: S3.9timeout, current entries: [1 1, 1 2, 2 3, 2 4] resp: [-1, 0, 0, -1]
L: S3.9timeout, current entries: [1 1, 1 2, 2 3, 2 4] resp: [-1, 0, 0, -1]
L: S3.9timeout, index of last entry-1
L: S3.9timeout, index of last entry-1
L: S3.9timeout, current entries: [1 1, 1 2, 2 3, 2 4] resp: [-1, 0, 0, -1]
L: S3.9timeout, current entries: [1 1, 1 2, 2 3, 2 4] resp: [-1, 0, 0, -1]
L: S3.9timeout, index of last entry-1
L: S3.9timeout, index of last entry-1
L: S3.9timeout, current entries: [1 1, 1 2, 2 3, 2 4] resp: [-1, 0, 0, -1]
L: S3.9timeout, current entries: [1 1, 1 2, 2 3, 2 4] resp: [-1, 0, 0, -1]
L: S3.9timeout, index of last entry-1
L: S3.9timeout, index of last entry-1
L: S3.9timeout, current entries: [1 1, 1 2, 2 3, 2 4] resp: [-1, 0, 0, -1]
L: S3.9timeout, current entries: [1 1, 1 2, 2 3, 2 4] resp: [-1, 0, 0, -1]
L: S3.9timeout, index of last entry-1
L: S3.9timeout, index of last entry-1
L: S3.9timeout, current entries: [1 1, 1 2, 2 3, 2 4] resp: [-1, 0, 0, -1]
L: S3.9timeout, current entries: [1 1, 1 2, 2 3, 2 4] resp: [-1, 0, 0, -1]
L: S3.9timeout, index of last entry-1
L: S3.9timeout, index of last entry-1
L: S3.9timeout, current entries: [1 1, 1 2, 2 3, 2 4] resp: [-1, 0, 0, -1]
L: S3.9timeout, current entries: [1 1, 1 2, 2 3, 2 4] resp: [-1, 0, 0, -1]
L: S3.9timeout, index of last entry-1
L: S3.9timeout, index of last entry-1
L: S3.9timeout, current entries: [1 1, 1 2, 2 3, 2 4] resp: [-1, 0, 0, -1]
L: S3.9timeout, current entries: [1 1, 1 2, 2 3, 2 4] resp: [-1, 0, 0, -1]
L: S3.9timeout, index of last entry-1
L: S3.9timeout, index of last entry-1
L: S3.9timeout, current entries: [1 1, 1 2, 2 3, 2 4] resp: [-1, 0, 0, -1]
L: S3.9timeout, current entries: [1 1, 1 2, 2 3, 2 4] resp: [-1, 0, 0, -1]
L: S3.9timeout, index of last entry-1
L: S3.9timeout, index of last entry-1
L: S3.9timeout, current entries: [1 1, 1 2, 2 3, 2 4] resp: [-1, 0, 0, -1]
L: S3.9timeout, current entries: [1 1, 1 2, 2 3, 2 4] resp: [-1, 0, 0, -1]
L: S3.9timeout, index of last entry-1
L: S3.9timeout, index of last entry-1
L: S3.9timeout, current entries: [1 1, 1 2, 2 3, 2 4] resp: [-1, 0, 0, -1]
L: S3.9timeout, current entries: [1 1, 1 2, 2 3, 2 4] resp: [-1, 0, 0, -1]
L: S3.9timeout, index of last entry-1
L: S3.9timeout, index of last entry-1
L: S3.9timeout, current entries: [1 1, 1 2, 2 3, 2 4] resp: [-1, 0, 0, -1]
L: S3.9timeout, current entries: [1 1, 1 2, 2 3, 2 4] resp: [-1, 0, 0, -1]
L: S3.9timeout, index of last entry-1
L: S3.9timeout, index of last entry-1
L: S3.9timeout, current entries: [1 1, 1 2, 2 3, 2 4] resp: [-1, 0, 0, -1]
L: S3.9timeout, current entries: [1 1, 1 2, 2 3, 2 4] resp: [-1, 0, 0, -1]
L: S3.9timeout, index of last entry-1
L: S3.9timeout, index of last entry-1
L: S3.9timeout, current entries: [1 1, 1 2, 2 3, 2 4] resp: [-1, 0, 0, -1]
L: S3.9timeout, current entries: [1 1, 1 2, 2 3, 2 4] resp: [-1, 0, 0, -1]
L: S3.9timeout, index of last entry-1
L: S3.9timeout, index of last entry-1
L: S3.9timeout, current entries: [1 1, 1 2, 2 3, 2 4] resp: [-1, 0, 0, -1]
L: S3.9timeout, current entries: [1 1, 1 2, 2 3, 2 4] resp: [-1, 0, 0, -1]
L: S3.9timeout, index of last entry-1
L: S3.9timeout, index of last entry-1
L: S3.9timeout, current entries: [1 1, 1 2, 2 3, 2 4] resp: [-1, 0, 0, -1]
L: S3.9timeout, current entries: [1 1, 1 2, 2 3, 2 4] resp: [-1, 0, 0, -1]
L: S3.9timeout, index of last entry-1
L: S3.9timeout, index of last entry-1
L: S3.9timeout, current entries: [1 1, 1 2, 2 3, 2 4] resp: [-1, 0, 0, -1]
L: S3.9timeout, current entries: [1 1, 1 2, 2 3, 2 4] resp: [-1, 0, 0, -1]
L: S3.9timeout, index of last entry-1
L: S3.9timeout, index of last entry-1
L: S3.9timeout, current entries: [1 1, 1 2, 2 3, 2 4] resp: [-1, 0, 0, -1]
L: S3.9timeout, current entries: [1 1, 1 2, 2 3, 2 4] resp: [-1, 0, 0, -1]
L: S3.9timeout, index of last entry-1
L: S3.9timeout, index of last entry-1
L: S3.9timeout, current entries: [1 1, 1 2, 2 3, 2 4] resp: [-1, 0, 0, -1]
L: S3.9timeout, current entries: [1 1, 1 2, 2 3, 2 4] resp: [-1, 0, 0, -1]
L: S3.9timeout, index of last entry-1
L: S3.9timeout, index of last entry-1
L: S3.9timeout, current entries: [1 1, 1 2, 2 3, 2 4] resp: [-1, 0, 0, -1]
L: S3.9timeout, current entries: [1 1, 1 2, 2 3, 2 4] resp: [-1, 0, 0, -1]
L: S3.9timeout, index of last entry-1
L: S3.9timeout, index of last entry-1
L: S3.9timeout, current entries: [1 1, 1 2, 2 3, 2 4] resp: [-1, 0, 0, -1]
L: S3.9timeout, current entries: [1 1, 1 2, 2 3, 2 4] resp: [-1, 0, 0, -1]
L: S3.9timeout, index of last entry-1
L: S3.9timeout, index of last entry-1
L: S3.9timeout, current entries: [1 1, 1 2, 2 3, 2 4] resp: [-1, 0, 0, -1]
L: S3.9timeout, current entries: [1 1, 1 2, 2 3, 2 4] resp: [-1, 0, 0, -1]
L: S3.9timeout, index of last entry-1
L: S3.9timeout, index of last entry-1
L: S3.9timeout, current entries: [1 1, 1 2, 2 3, 2 4] resp: [-1, 0, 0, -1]
L: S3.9timeout, current entries: [1 1, 1 2, 2 3, 2 4] resp: [-1, 0, 0, -1]
L: S3.9timeout, index of last entry-1
L: S3.9timeout, index of last entry-1
L: S3.9timeout, current entries: [1 1, 1 2, 2 3, 2 4] resp: [-1, 0, 0, -1]
L: S3.9timeout, current entries: [1 1, 1 2, 2 3, 2 4] resp: [-1, 0, 0, -1]
L: S3.9timeout, index of last entry-1
L: S3.9timeout, index of last entry-1
L: S3.9timeout, current entries: [1 1, 1 2, 2 3, 2 4] resp: [-1, 0, 0, -1]
L: S3.9timeout, current entries: [1 1, 1 2, 2 3, 2 4] resp: [-1, 0, 0, -1]
L: S3.9timeout, index of last entry-1
L: S3.9timeout, index of last entry-1
L: S3.9timeout, current entries: [1 1, 1 2, 2 3, 2 4] resp: [-1, 0, 0, -1]
L: S3.9timeout, current entries: [1 1, 1 2, 2 3, 2 4] resp: [-1, 0, 0, -1]
L: S3.9timeout, index of last entry-1
L: S3.9timeout, index of last entry-1
L: S3.9timeout, current entries: [1 1, 1 2, 2 3, 2 4] resp: [-1, 0, 0, -1]
L: S3.9timeout, current entries: [1 1, 1 2, 2 3, 2 4] resp: [-1, 0, 0, -1]
L: S3.9timeout, index of last entry-1
L: S3.9timeout, index of last entry-1
L: S3.9timeout, current entries: [1 1, 1 2, 2 3, 2 4] resp: [-1, 0, 0, -1]
L: S3.9timeout, current entries: [1 1, 1 2, 2 3, 2 4] resp: [-1, 0, 0, -1]
L: S3.9timeout, index of last entry-1
L: S3.9timeout, index of last entry-1
L: S3.9timeout, current entries: [1 1, 1 2, 2 3, 2 4] resp: [-1, 0, 0, -1]
L: S3.9timeout, current entries: [1 1, 1 2, 2 3, 2 4] resp: [-1, 0, 0, -1]
L: S3.9timeout, index of last entry-1
L: S3.9timeout, index of last entry-1
L: S3.9timeout, current entries: [1 1, 1 2, 2 3, 2 4] resp: [-1, 0, 0, -1]
L: S3.9timeout, current entries: [1 1, 1 2, 2 3, 2 4] resp: [-1, 0, 0, -1]
L: S3.9timeout, index of last entry-1
L: S3.9timeout, index of last entry-1
L: S3.9timeout, current entries: [1 1, 1 2, 2 3, 2 4] resp: [-1, 0, 0, -1]
L: S3.9timeout, current entries: [1 1, 1 2, 2 3, 2 4] resp: [-1, 0, 0, -1]
L: S3.9timeout, index of last entry-1
L: S3.9timeout, index of last entry-1
L: S3.9timeout, current entries: [1 1, 1 2, 2 3, 2 4] resp: [-1, 0, 0, -1]
L: S3.9timeout, current entries: [1 1, 1 2, 2 3, 2 4] resp: [-1, 0, 0, -1]
L: S3.9timeout, index of last entry-1
L: S3.9timeout, index of last entry-1
L: S3.9timeout, current entries: [1 1, 1 2, 2 3, 2 4] resp: [-1, 0, 0, -1]
L: S3.9timeout, current entries: [1 1, 1 2, 2 3, 2 4] resp: [-1, 0, 0, -1]
L: S3.9timeout, index of last entry-1
L: S3.9timeout, index of last entry-1
L: S3.9timeout, current entries: [1 1, 1 2, 2 3, 2 4] resp: [-1, 0, 0, -1]
L: S3.9timeout, current entries: [1 1, 1 2, 2 3, 2 4] resp: [-1, 0, 0, -1]
L: S3.9timeout, index of last entry-1
L: S3.9timeout, index of last entry-1
L: S3.9timeout, current entries: [1 1, 1 2, 2 3, 2 4] resp: [-1, 0, 0, -1]
L: S3.9timeout, current entries: [1 1, 1 2, 2 3, 2 4] resp: [-1, 0, 0, -1]
L: S3.9timeout, index of last entry-1
L: S3.9timeout, index of last entry-1
L: S3.9timeout, current entries: [1 1, 1 2, 2 3, 2 4] resp: [-1, 0, 0, -1]
L: S3.9timeout, current entries: [1 1, 1 2, 2 3, 2 4] resp: [-1, 0, 0, -1]
L: S3.9timeout, index of last entry-1
L: S3.9timeout, index of last entry-1
L: S3.9timeout, current entries: [1 1, 1 2, 2 3, 2 4] resp: [-1, 0, 0, -1]
L: S3.9timeout, current entries: [1 1, 1 2, 2 3, 2 4] resp: [-1, 0, 0, -1]
L: S3.9timeout, index of last entry-1
L: S3.9timeout, index of last entry-1
L: S3.9timeout, current entries: [1 1, 1 2, 2 3, 2 4] resp: [-1, 0, 0, -1]
L: S3.9timeout, current entries: [1 1, 1 2, 2 3, 2 4] resp: [-1, 0, 0, -1]
L: S3.9timeout, index of last entry-1
L: S3.9timeout, index of last entry-1
L: S3.9timeout, current entries: [1 1, 1 2, 2 3, 2 4] resp: [-1, 0, 0, -1]
L: S3.9timeout, current entries: [1 1, 1 2, 2 3, 2 4] resp: [-1, 0, 0, -1]
L: S3.9timeout, index of last entry-1
L: S3.9timeout, index of last entry-1
L: S3.9timeout, current entries: [1 1, 1 2, 2 3, 2 4] resp: [-1, 0, 0, -1]
L: S3.9timeout, current entries: [1 1, 1 2, 2 3, 2 4] resp: [-1, 0, 0, -1]
L: S3.9timeout, index of last entry-1
L: S3.9timeout, index of last entry-1
L: S3.9timeout, current entries: [1 1, 1 2, 2 3, 2 4] resp: [-1, 0, 0, -1]
L: S3.9timeout, current entries: [1 1, 1 2, 2 3, 2 4] resp: [-1, 0, 0, -1]
L: S3.9timeout, index of last entry-1
L: S3.9timeout, index of last entry-1
L: S3.9timeout, current entries: [1 1, 1 2, 2 3, 2 4] resp: [-1, 0, 0, -1]
L: S3.9timeout, current entries: [1 1, 1 2, 2 3, 2 4] resp: [-1, 0, 0, -1]
L: S3.9timeout, index of last entry-1
L: S3.9timeout, index of last entry-1
L: S3.9timeout, current entries: [1 1, 1 2, 2 3, 2 4] resp: [-1, 0, 0, -1]
L: S3.9timeout, current entries: [1 1, 1 2, 2 3, 2 4] resp: [-1, 0, 0, -1]
L: S3.9timeout, index of last entry-1
L: S3.9timeout, index of last entry-1
L: S3.9timeout, current entries: [1 1, 1 2, 2 3, 2 4] resp: [-1, 0, 0, -1]
L: S3.9timeout, current entries: [1 1, 1 2, 2 3, 2 4] resp: [-1, 0, 0, -1]
L: S3.9timeout, index of last entry-1
L: S3.9timeout, index of last entry-1
L: S3.9timeout, current entries: [1 1, 1 2, 2 3, 2 4] resp: [-1, 0, 0, -1]
L: S3.9timeout, current entries: [1 1, 1 2, 2 3, 2 4] resp: [-1, 0, 0, -1]
L: S3.9timeout, index of last entry-1
L: S3.9timeout, index of last entry-1
L: S3.9timeout, current entries: [1 1, 1 2, 2 3, 2 4] resp: [-1, 0, 0, -1]
L: S3.9timeout, current entries: [1 1, 1 2, 2 3, 2 4] resp: [-1, 0, 0, -1]
L: S3.9timeout, index of last entry-1
L: S3.9timeout, index of last entry-1
L: S3.9timeout, current entries: [1 1, 1 2, 2 3, 2 4] resp: [-1, 0, 0, -1]
L: S3.9timeout, current entries: [1 1, 1 2, 2 3, 2 4] resp: [-1, 0, 0, -1]
L: S3.9timeout, index of last entry-1
L: S3.9timeout, index of last entry-1
L: S3.9timeout, current entries: [1 1, 1 2, 2 3, 2 4] resp: [-1, 0, 0, -1]
L: S3.9timeout, current entries: [1 1, 1 2, 2 3, 2 4] resp: [-1, 0, 0, -1]
L: S3.9timeout, index of last entry-1
L: S3.9timeout, index of last entry-1
L: S3.9timeout, current entries: [1 1, 1 2, 2 3, 2 4] resp: [-1, 0, 0, -1]
L: S3.9timeout, current entries: [1 1, 1 2, 2 3, 2 4] resp: [-1, 0, 0, -1]
L: S3.9timeout, index of last entry-1
L: S3.9timeout, index of last entry-1
L: S3.9timeout, current entries: [1 1, 1 2, 2 3, 2 4] resp: [-1, 0, 0, -1]
L: S3.9timeout, current entries: [1 1, 1 2, 2 3, 2 4] resp: [-1, 0, 0, -1]
L: S3.9timeout, index of last entry-1
L: S3.9timeout, index of last entry-1
L: S3.9timeout, current entries: [1 1, 1 2, 2 3, 2 4] resp: [-1, 0, 0, -1]
L: S3.9timeout, current entries: [1 1, 1 2, 2 3, 2 4] resp: [-1, 0, 0, -1]
L: S3.9timeout, index of last entry-1
L: S3.9timeout, index of last entry-1
L: S3.9timeout, current entries: [1 1, 1 2, 2 3, 2 4] resp: [-1, 0, 0, -1]
L: S3.9timeout, current entries: [1 1, 1 2, 2 3, 2 4] resp: [-1, 0, 0, -1]
L: S3.9timeout, index of last entry-1
L: S3.9timeout, index of last entry-1
L: S3.9timeout, current entries: [1 1, 1 2, 2 3, 2 4] resp: [-1, 0, 0, -1]
L: S3.9timeout, current entries: [1 1, 1 2, 2 3, 2 4] resp: [-1, 0, 0, -1]
L: S3.9timeout, index of last entry-1
L: S3.9timeout, index of last entry-1
L: S3.9timeout, current entries: [1 1, 1 2, 2 3, 2 4] resp: [-1, 0, 0, -1]
L: S3.9timeout, current entries: [1 1, 1 2, 2 3, 2 4] resp: [-1, 0, 0, -1]
L: S3.9timeout, index of last entry-1
L: S3.9timeout, index of last entry-1
L: S3.9timeout, current entries: [1 1, 1 2, 2 3, 2 4] resp: [-1, 0, 0, -1]
L: S3.9timeout, current entries: [1 1, 1 2, 2 3, 2 4] resp: [-1, 0, 0, -1]
L: S3.9timeout, index of last entry-1
L: S3.9timeout, index of last entry-1
L: S3.9timeout, current entries: [1 1, 1 2, 2 3, 2 4] resp: [-1, 0, 0, -1]
L: S3.9timeout, current entries: [1 1, 1 2, 2 3, 2 4] resp: [-1, 0, 0, -1]
L: S3.9timeout, index of last entry-1
L: S3.9timeout, index of last entry-1
L: S3.9timeout, current entries: [1 1, 1 2, 2 3, 2 4] resp: [-1, 0, 0, -1]
L: S3.9timeout, current entries: [1 1, 1 2, 2 3, 2 4] resp: [-1, 0, 0, -1]
L: S3.9timeout, index of last entry-1
L: S3.9timeout, index of last entry-1
L: S3.9timeout, current entries: [1 1, 1 2, 2 3, 2 4] resp: [-1, 0, 0, -1]
L: S3.9timeout, current entries: [1 1, 1 2, 2 3, 2 4] resp: [-1, 0, 0, -1]
L: S3.9timeout, index of last entry-1
L: S3.9timeout, index of last entry-1
L: S3.9timeout, current entries: [1 1, 1 2, 2 3, 2 4] resp: [-1, 0, 0, -1]
L: S3.9timeout, current entries: [1 1, 1 2, 2 3, 2 4] resp: [-1, 0, 0, -1]
L: S3.9timeout, index of last entry-1
L: S3.9timeout, index of last entry-1
L: S3.9timeout, current entries: [1 1, 1 2, 2 3, 2 4] resp: [-1, 0, 0, -1]
L: S3.9timeout, current entries: [1 1, 1 2, 2 3, 2 4] resp: [-1, 0, 0, -1]
L: S3.9timeout, index of last entry-1
L: S3.9timeout, index of last entry-1
L: S3.9timeout, current entries: [1 1, 1 2, 2 3, 2 4] resp: [-1, 0, 0, -1]
L: S3.9timeout, current entries: [1 1, 1 2, 2 3, 2 4] resp: [-1, 0, 0, -1]
L: S3.9timeout, index of last entry-1
L: S3.9timeout, index of last entry-1
L: S3.9timeout, current entries: [1 1, 1 2, 2 3, 2 4] resp: [-1, 0, 0, -1]
L: S3.9timeout, current entries: [1 1, 1 2, 2 3, 2 4] resp: [-1, 0, 0, -1]
L: S3.9timeout, index of last entry-1
L: S3.9timeout, index of last entry-1
L: S3.9timeout, current entries: [1 1, 1 2, 2 3, 2 4] resp: [-1, 0, 0, -1]
L: S3.9timeout, current entries: [1 1, 1 2, 2 3, 2 4] resp: [-1, 0, 0, -1]
L: S3.9timeout, index of last entry-1
L: S3.9timeout, index of last entry-1
L: S3.9timeout, current entries: [1 1, 1 2, 2 3, 2 4] resp: [-1, 0, 0, -1]
L: S3.9timeout, current entries: [1 1, 1 2, 2 3, 2 4] resp: [-1, 0, 0, -1]
L: S3.9timeout, index of last entry-1
L: S3.9timeout, index of last entry-1
L: S3.9timeout, current entries: [1 1, 1 2, 2 3, 2 4] resp: [-1, 0, 0, -1]
L: S3.9timeout, current entries: [1 1, 1 2, 2 3, 2 4] resp: [-1, 0, 0, -1]
L: S3.9timeout, index of last entry-1
L: S3.9timeout, index of last entry-1
L: S3.9timeout, current entries: [1 1, 1 2, 2 3, 2 4] resp: [-1, 0, 0, -1]
L: S3.9timeout, current entries: [1 1, 1 2, 2 3, 2 4] resp: [-1, 0, 0, -1]
L: S3.9timeout, index of last entry-1
L: S3.9timeout, index of last entry-1
L: S3.9timeout, current entries: [1 1, 1 2, 2 3, 2 4] resp: [-1, 0, 0, -1]
L: S3.9timeout, current entries: [1 1, 1 2, 2 3, 2 4] resp: [-1, 0, 0, -1]
L: S3.9timeout, index of last entry-1
L: S3.9timeout, index of last entry-1
L: S3.9timeout, current entries: [1 1, 1 2, 2 3, 2 4] resp: [-1, 0, 0, -1]
L: S3.9timeout, current entries: [1 1, 1 2, 2 3, 2 4] resp: [-1, 0, 0, -1]
L: S3.9timeout, index of last entry-1
L: S3.9timeout, index of last entry-1
L: S3.9timeout, current entries: [1 1, 1 2, 2 3, 2 4] resp: [-1, 0, 0, -1]
L: S3.9timeout, current entries: [1 1, 1 2, 2 3, 2 4] resp: [-1, 0, 0, -1]
L: S3.9timeout, index of last entry-1
L: S3.9timeout, index of last entry-1
L: S3.9timeout, current entries: [1 1, 1 2, 2 3, 2 4] resp: [-1, 0, 0, -1]
L: S3.9timeout, current entries: [1 1, 1 2, 2 3, 2 4] resp: [-1, 0, 0, -1]
L: S3.9timeout, index of last entry-1
L: S3.9timeout, index of last entry-1
L: S3.9timeout, current entries: [1 1, 1 2, 2 3, 2 4] resp: [-1, 0, 0, -1]
L: S3.9timeout, current entries: [1 1, 1 2, 2 3, 2 4] resp: [-1, 0, 0, -1]
L: S3.9timeout, index of last entry-1
L: S3.9timeout, index of last entry-1
L: S3.9timeout, current entries: [1 1, 1 2, 2 3, 2 4] resp: [-1, 0, 0, -1]
L: S3.9timeout, current entries: [1 1, 1 2, 2 3, 2 4] resp: [-1, 0, 0, -1]
L: S3.9timeout, index of last entry-1
L: S3.9timeout, index of last entry-1
L: S3.9timeout, current entries: [1 1, 1 2, 2 3, 2 4] resp: [-1, 0, 0, -1]
L: S3.9timeout, current entries: [1 1, 1 2, 2 3, 2 4] resp: [-1, 0, 0, -1]
L: S3.9timeout, index of last entry-1
L: S3.9timeout, index of last entry-1
L: S3.9timeout, current entries: [1 1, 1 2, 2 3, 2 4] resp: [-1, 0, 0, -1]
L: S3.9timeout, current entries: [1 1, 1 2, 2 3, 2 4] resp: [-1, 0, 0, -1]
L: S3.9timeout, index of last entry-1
L: S3.9timeout, index of last entry-1
L: S3.9timeout, current entries: [1 1, 1 2, 2 3, 2 4] resp: [-1, 0, 0, -1]
L: S3.9timeout, current entries: [1 1, 1 2, 2 3, 2 4] resp: [-1, 0, 0, -1]
L: S3.9timeout, index of last entry-1
L: S3.9timeout, index of last entry-1
L: S3.9timeout, current entries: [1 1, 1 2, 2 3, 2 4] resp: [-1, 0, 0, -1]
L: S3.9timeout, current entries: [1 1, 1 2, 2 3, 2 4] resp: [-1, 0, 0, -1]
L: S3.9timeout, index of last entry-1
L: S3.9timeout, index of last entry-1
L: S3.9timeout, current entries: [1 1, 1 2, 2 3, 2 4] resp: [-1, 0, 0, -1]
L: S3.9timeout, current entries: [1 1, 1 2, 2 3, 2 4] resp: [-1, 0, 0, -1]
L: S3.9timeout, index of last entry-1
L: S3.9timeout, index of last entry-1
L: S3.9timeout, current entries: [1 1, 1 2, 2 3, 2 4] resp: [-1, 0, 0, -1]
L: S3.9timeout, current entries: [1 1, 1 2, 2 3, 2 4] resp: [-1, 0, 0, -1]
L: S3.9timeout, index of last entry-1
L: S3.9timeout, index of last entry-1
L: S3.9timeout, current entries: [1 1, 1 2, 2 3, 2 4] resp: [-1, 0, 0, -1]
L: S3.9timeout, current entries: [1 1, 1 2, 2 3, 2 4] resp: [-1, 0, 0, -1]
L: S3.9timeout, index of last entry-1
L: S3.9timeout, index of last entry-1
